{"numTotalTestSuites":2,"numPassedTestSuites":2,"numFailedTestSuites":0,"numPendingTestSuites":0,"numTotalTests":12,"numPassedTests":12,"numFailedTests":0,"numPendingTests":0,"numTodoTests":0,"snapshot":{"added":0,"failure":false,"filesAdded":0,"filesRemoved":0,"filesRemovedList":[],"filesUnmatched":0,"filesUpdated":0,"matched":0,"total":0,"unchecked":0,"uncheckedKeysByFile":[],"unmatched":0,"updated":0,"didUpdate":false},"startTime":1788962810511,"success":true,"testResults":[{"assertionResults":[{"ancestorTitles":["Gate 5 injected failures (durable PAPER backend)"],"fullName":"Gate 5 injected failures (durable PAPER backend) kills a real child process after effect; OS releases lease and restart finalizes once","status":"passed","title":"kills a real child process after effect; OS releases lease and restart finalizes once","duration":1032.9356,"failureMessages":[],"meta":{}},{"ancestorTitles":["Gate 5 injected failures (durable PAPER backend)"],"fullName":"Gate 5 injected failures (durable PAPER backend) receipt publication timeout after write is replayed idempotently","status":"passed","title":"receipt publication timeout after write is replayed idempotently","duration":35.61909999999989,"failureMessages":[],"meta":{}},{"ancestorTitles":["Gate 5 injected failures (durable PAPER backend)"],"fullName":"Gate 5 injected failures (durable PAPER backend) throws after durable finance before receipt write; restart recognizes exactly one effect","status":"passed","title":"throws after durable finance before receipt write; restart recognizes exactly one effect","duration":39.73129999999992,"failureMessages":[],"meta":{}},{"ancestorTitles":["Gate 5 injected failures (durable PAPER backend)"],"fullName":"Gate 5 injected failures (durable PAPER backend) times out after commit; query-before-retry skips proof and double apply","status":"passed","title":"times out after commit; query-before-retry skips proof and double apply","duration":30.681600000000344,"failureMessages":[],"meta":{}},{"ancestorTitles":["Gate 5 injected failures (durable PAPER backend)"],"fullName":"Gate 5 injected failures (durable PAPER backend) actually aborts a hanging proof HTTP call; restart marks absent action abandoned then retry succeeds","status":"passed","title":"actually aborts a hanging proof HTTP call; restart marks absent action abandoned then retry succeeds","duration":85.18589999999995,"failureMessages":[],"meta":{}},{"ancestorTitles":["Gate 5 injected failures (durable PAPER backend)"],"fullName":"Gate 5 injected failures (durable PAPER backend) two retries preserve the key and create exactly one effect","status":"passed","title":"two retries preserve the key and create exactly one effect","duration":33.8741,"failureMessages":[],"meta":{}},{"ancestorTitles":["Gate 5 injected failures (durable PAPER backend)"],"fullName":"Gate 5 injected failures (durable PAPER backend) resolves pending receipt before a different new action is accepted","status":"passed","title":"resolves pending receipt before a different new action is accepted","duration":47.977400000000216,"failureMessages":[],"meta":{}},{"ancestorTitles":["Gate 5 injected failures (durable PAPER backend)"],"fullName":"Gate 5 injected failures (durable PAPER backend) stale proof is refetched under the same key after a pre-effect crash","status":"passed","title":"stale proof is refetched under the same key after a pre-effect crash","duration":35.33089999999993,"failureMessages":[],"meta":{}},{"ancestorTitles":["Gate 5 injected failures (durable PAPER backend)"],"fullName":"Gate 5 injected failures (durable PAPER backend) instantiate crash recovers without repeating state change","status":"passed","title":"instantiate crash recovers without repeating state change","duration":17.083399999999983,"failureMessages":[],"meta":{}},{"ancestorTitles":["Gate 5 injected failures (durable PAPER backend)"],"fullName":"Gate 5 injected failures (durable PAPER backend) ambiguous recovery query blocks new work and preserves pending intent","status":"passed","title":"ambiguous recovery query blocks new work and preserves pending intent","duration":31.349299999999857,"failureMessages":[],"meta":{}},{"ancestorTitles":["Gate 5 injected failures (durable PAPER backend)"],"fullName":"Gate 5 injected failures (durable PAPER backend) rejects a concurrent writer while the first is fetching","status":"passed","title":"rejects a concurrent writer while the first is fetching","duration":32.076500000000124,"failureMessages":[],"meta":{}},{"ancestorTitles":["Gate 5 injected failures (durable PAPER backend)"],"fullName":"Gate 5 injected failures (durable PAPER backend) all ten prior Gate 4 receipts still MATCH; independent tampering still DRIFT","status":"passed","title":"all ten prior Gate 4 receipts still MATCH; independent tampering still DRIFT","duration":6.664800000000014,"failureMessages":[],"meta":{}}],"startTime":1788962811639,"endTime":1788962813068.6648,"status":"passed","message":"","name":"C:/Users/DELL/Desktop/notch/adapter/test/recovery.test.ts"}]}